0 info it worked if it ends with ok
1 verbose cli [ '/usr/bin/node', '/usr/bin/npm', 'install' ]
2 info using npm@3.5.2
3 info using node@v8.10.0
4 silly loadCurrentTree Starting
5 silly install loadCurrentTree
6 silly install readLocalPackageData
7 silly install normalizeTree
8 silly loadCurrentTree Finishing
9 silly loadIdealTree Starting
10 silly install loadIdealTree
11 silly cloneCurrentTree Starting
12 silly install cloneCurrentTreeToIdealTree
13 silly cloneCurrentTree Finishing
14 silly loadShrinkwrap Starting
15 silly install loadShrinkwrap
16 silly loadShrinkwrap Finishing
17 silly loadAllDepsIntoIdealTree Starting
18 silly install loadAllDepsIntoIdealTree
19 silly fetchNamedPackageData html-loader
20 silly mapToRegistry name html-loader
21 silly mapToRegistry using default registry
22 silly mapToRegistry registry https://registry.npmjs.org/
23 silly mapToRegistry uri https://registry.npmjs.org/html-loader
24 silly fetchNamedPackageData mongodb
25 silly mapToRegistry name mongodb
26 silly mapToRegistry using default registry
27 silly mapToRegistry registry https://registry.npmjs.org/
28 silly mapToRegistry uri https://registry.npmjs.org/mongodb
29 silly fetchNamedPackageData react
30 silly mapToRegistry name react
31 silly mapToRegistry using default registry
32 silly mapToRegistry registry https://registry.npmjs.org/
33 silly mapToRegistry uri https://registry.npmjs.org/react
34 silly fetchNamedPackageData react-dom
35 silly mapToRegistry name react-dom
36 silly mapToRegistry using default registry
37 silly mapToRegistry registry https://registry.npmjs.org/
38 silly mapToRegistry uri https://registry.npmjs.org/react-dom
39 silly fetchNamedPackageData webpack
40 silly mapToRegistry name webpack
41 silly mapToRegistry using default registry
42 silly mapToRegistry registry https://registry.npmjs.org/
43 silly mapToRegistry uri https://registry.npmjs.org/webpack
44 verbose request uri https://registry.npmjs.org/mongodb
45 verbose request no auth needed
46 info attempt registry request try #1 at 12:15:20
47 verbose request id 24aeeec3edfca906
48 verbose etag W/"7c53ac760bd1ce3675440f96f328455d"
49 verbose lastModified Mon, 20 Jun 2022 06:17:58 GMT
50 http request GET https://registry.npmjs.org/mongodb
51 verbose request uri https://registry.npmjs.org/html-loader
52 verbose request no auth needed
53 info attempt registry request try #1 at 12:15:20
54 verbose etag W/"216f08a6c03531bd9788828de122f16e"
55 verbose lastModified Sat, 18 Jun 2022 21:54:10 GMT
56 http request GET https://registry.npmjs.org/html-loader
57 verbose request uri https://registry.npmjs.org/react-dom
58 verbose request no auth needed
59 info attempt registry request try #1 at 12:15:20
60 verbose etag W/"2e0e6f331dc28701f92c616c86a1f975"
61 verbose lastModified Fri, 01 Jul 2022 16:14:52 GMT
62 http request GET https://registry.npmjs.org/react-dom
63 verbose request uri https://registry.npmjs.org/react
64 verbose request no auth needed
65 info attempt registry request try #1 at 12:15:20
66 verbose etag W/"79990c30ce347d73d2d911bf6f81baa2"
67 verbose lastModified Fri, 01 Jul 2022 16:14:43 GMT
68 http request GET https://registry.npmjs.org/react
69 verbose request uri https://registry.npmjs.org/webpack
70 verbose request no auth needed
71 info attempt registry request try #1 at 12:15:20
72 verbose etag W/"17a66520919f1823258ce071a8bc76a3"
73 verbose lastModified Tue, 28 Jun 2022 23:37:55 GMT
74 http request GET https://registry.npmjs.org/webpack
75 http 304 https://registry.npmjs.org/webpack
76 verbose headers { date: 'Tue, 05 Jul 2022 16:15:21 GMT',
76 verbose headers   connection: 'close',
76 verbose headers   'cf-ray': '7261661e4ed50355-MIA',
76 verbose headers   age: '297',
76 verbose headers   'cache-control': 'public, max-age=300',
76 verbose headers   etag: '"17a66520919f1823258ce071a8bc76a3"',
76 verbose headers   'last-modified': 'Tue, 28 Jun 2022 23:37:55 GMT',
76 verbose headers   vary: 'Accept-Encoding',
76 verbose headers   'cf-cache-status': 'HIT',
76 verbose headers   'expect-ct': 'max-age=604800, report-uri="https://report-uri.cloudflare.com/cdn-cgi/beacon/expect-ct"',
76 verbose headers   'x-amz-replication-status': 'COMPLETED',
76 verbose headers   server: 'cloudflare' }
77 silly get cb [ 304,
77 silly get   { date: 'Tue, 05 Jul 2022 16:15:21 GMT',
77 silly get     connection: 'close',
77 silly get     'cf-ray': '7261661e4ed50355-MIA',
77 silly get     age: '297',
77 silly get     'cache-control': 'public, max-age=300',
77 silly get     etag: '"17a66520919f1823258ce071a8bc76a3"',
77 silly get     'last-modified': 'Tue, 28 Jun 2022 23:37:55 GMT',
77 silly get     vary: 'Accept-Encoding',
77 silly get     'cf-cache-status': 'HIT',
77 silly get     'expect-ct': 'max-age=604800, report-uri="https://report-uri.cloudflare.com/cdn-cgi/beacon/expect-ct"',
77 silly get     'x-amz-replication-status': 'COMPLETED',
77 silly get     server: 'cloudflare' } ]
78 verbose etag https://registry.npmjs.org/webpack from cache
79 verbose get saving webpack to /root/.npm/registry.npmjs.org/webpack/.cache.json
80 http 304 https://registry.npmjs.org/mongodb
81 verbose headers { date: 'Tue, 05 Jul 2022 16:15:21 GMT',
81 verbose headers   connection: 'close',
81 verbose headers   'cf-ray': '7261661dbd93b3ef-MIA',
81 verbose headers   'cache-control': 'public, max-age=300',
81 verbose headers   etag: '"7c53ac760bd1ce3675440f96f328455d"',
81 verbose headers   'last-modified': 'Mon, 20 Jun 2022 06:17:58 GMT',
81 verbose headers   vary: 'Accept-Encoding',
81 verbose headers   'cf-cache-status': 'REVALIDATED',
81 verbose headers   'expect-ct': 'max-age=604800, report-uri="https://report-uri.cloudflare.com/cdn-cgi/beacon/expect-ct"',
81 verbose headers   'x-amz-replication-status': 'COMPLETED',
81 verbose headers   server: 'cloudflare' }
82 silly get cb [ 304,
82 silly get   { date: 'Tue, 05 Jul 2022 16:15:21 GMT',
82 silly get     connection: 'close',
82 silly get     'cf-ray': '7261661dbd93b3ef-MIA',
82 silly get     'cache-control': 'public, max-age=300',
82 silly get     etag: '"7c53ac760bd1ce3675440f96f328455d"',
82 silly get     'last-modified': 'Mon, 20 Jun 2022 06:17:58 GMT',
82 silly get     vary: 'Accept-Encoding',
82 silly get     'cf-cache-status': 'REVALIDATED',
82 silly get     'expect-ct': 'max-age=604800, report-uri="https://report-uri.cloudflare.com/cdn-cgi/beacon/expect-ct"',
82 silly get     'x-amz-replication-status': 'COMPLETED',
82 silly get     server: 'cloudflare' } ]
83 verbose etag https://registry.npmjs.org/mongodb from cache
84 verbose get saving mongodb to /root/.npm/registry.npmjs.org/mongodb/.cache.json
85 silly resolveWithNewModule mongodb@4.7.0 checking installable status
86 silly cache add args [ 'mongodb@^4.7.0', null ]
87 verbose cache add spec mongodb@^4.7.0
88 silly cache add parsed spec Result {
88 silly cache add   raw: 'mongodb@^4.7.0',
88 silly cache add   scope: null,
88 silly cache add   name: 'mongodb',
88 silly cache add   rawSpec: '^4.7.0',
88 silly cache add   spec: '>=4.7.0 <5.0.0',
88 silly cache add   type: 'range' }
89 silly addNamed mongodb@>=4.7.0 <5.0.0
90 verbose addNamed ">=4.7.0 <5.0.0" is a valid semver range for mongodb
91 silly addNameRange { name: 'mongodb', range: '>=4.7.0 <5.0.0', hasData: false }
92 silly mapToRegistry name mongodb
93 silly mapToRegistry using default registry
94 silly mapToRegistry registry https://registry.npmjs.org/
95 silly mapToRegistry uri https://registry.npmjs.org/mongodb
96 verbose addNameRange registry:https://registry.npmjs.org/mongodb not in flight; fetching
97 verbose get https://registry.npmjs.org/mongodb not expired, no request
98 silly addNameRange number 2 { name: 'mongodb', range: '>=4.7.0 <5.0.0', hasData: true }
99 silly addNameRange versions [ 'mongodb',
99 silly addNameRange   [ '0.9.4',
99 silly addNameRange     '0.9.4-4',
99 silly addNameRange     '0.9.3',
99 silly addNameRange     '0.9.1',
99 silly addNameRange     '0.9.2',
99 silly addNameRange     '0.9.6-7',
99 silly addNameRange     '0.9.6-8',
99 silly addNameRange     '0.9.6-9',
99 silly addNameRange     '0.9.6-10',
99 silly addNameRange     '0.9.6-11',
99 silly addNameRange     '0.9.6-12',
99 silly addNameRange     '0.9.6-13',
99 silly addNameRange     '0.9.6-14',
99 silly addNameRange     '0.9.6-15',
99 silly addNameRange     '0.9.6-16',
99 silly addNameRange     '0.9.6-17',
99 silly addNameRange     '0.9.6-18',
99 silly addNameRange     '0.9.6-19',
99 silly addNameRange     '0.9.6-20',
99 silly addNameRange     '0.9.6-21',
99 silly addNameRange     '0.9.6-22',
99 silly addNameRange     '0.9.6-23',
99 silly addNameRange     '0.9.7',
99 silly addNameRange     '0.9.7-0',
99 silly addNameRange     '0.9.7-1',
99 silly addNameRange     '0.9.7-1.1',
99 silly addNameRange     '0.9.7-1.2',
99 silly addNameRange     '0.9.7-1.3',
99 silly addNameRange     '0.9.7-1.4',
99 silly addNameRange     '0.9.7-2',
99 silly addNameRange     '0.9.7-2-1',
99 silly addNameRange     '0.9.7-2-2',
99 silly addNameRange     '0.9.7-2-3',
99 silly addNameRange     '0.9.7-2-4',
99 silly addNameRange     '0.9.7-2-5',
99 silly addNameRange     '0.9.7-3',
99 silly addNameRange     '0.9.7-3-1',
99 silly addNameRange     '0.9.7-3-2',
99 silly addNameRange     '0.9.7-3-3',
99 silly addNameRange     '0.9.7-3-4',
99 silly addNameRange     '0.9.7-3-5',
99 silly addNameRange     '0.9.8',
99 silly addNameRange     '0.9.8-1',
99 silly addNameRange     '0.9.8-2',
99 silly addNameRange     '0.9.8-3',
99 silly addNameRange     '0.9.8-4',
99 silly addNameRange     '0.9.8-5',
99 silly addNameRange     '0.9.8-6',
99 silly addNameRange     '0.9.8-7',
99 silly addNameRange     '0.9.9',
99 silly addNameRange     '0.9.9-1',
99 silly addNameRange     '0.9.9-2',
99 silly addNameRange     '0.9.9-3',
99 silly addNameRange     '0.9.9-4',
99 silly addNameRange     '0.9.9-5',
99 silly addNameRange     '0.9.9-6',
99 silly addNameRange     '0.9.9-7',
99 silly addNameRange     '0.9.9-8',
99 silly addNameRange     '1.0.0',
99 silly addNameRange     '1.0.1',
99 silly addNameRange     '1.0.2',
99 silly addNameRange     '1.1.0-beta',
99 silly addNameRange     '1.1.0',
99 silly addNameRange     '1.1.1',
99 silly addNameRange     '1.1.2',
99 silly addNameRange     '1.1.3',
99 silly addNameRange     '1.1.4',
99 silly addNameRange     '1.1.5',
99 silly addNameRange     '1.1.6',
99 silly addNameRange     '1.1.7',
99 silly addNameRange     '1.1.8',
99 silly addNameRange     '1.1.9',
99 silly addNameRange     '1.1.10',
99 silly addNameRange     '1.1.11',
99 silly addNameRange     '1.2.0',
99 silly addNameRange     '1.2.1',
99 silly addNameRange     '1.2.2',
99 silly addNameRange     '1.2.3',
99 silly addNameRange     '1.2.4',
99 silly addNameRange     '1.2.5',
99 silly addNameRange     '1.2.6',
99 silly addNameRange     '1.2.7',
99 silly addNameRange     '1.2.8',
99 silly addNameRange     '1.2.9',
99 silly addNameRange     '1.2.10',
99 silly addNameRange     '1.2.11',
99 silly addNameRange     '1.2.12',
99 silly addNameRange     '1.2.13',
99 silly addNameRange     '1.2.14',
99 silly addNameRange     '1.3.0',
99 silly addNameRange     '1.3.1',
99 silly addNameRange     '1.3.2',
99 silly addNameRange     '1.3.3',
99 silly addNameRange     '1.3.4',
99 silly addNameRange     '1.3.5',
99 silly addNameRange     '1.3.6',
99 silly addNameRange     '1.3.7',
99 silly addNameRange     '1.3.8',
99 silly addNameRange     '1.3.9',
99 silly addNameRange     '1.3.10',
99 silly addNameRange     ... 290 more items ] ]
100 silly addNamed mongodb@4.7.0
101 verbose addNamed "4.7.0" is a plain semver version for mongodb
102 http 304 https://registry.npmjs.org/html-loader
103 verbose headers { date: 'Tue, 05 Jul 2022 16:15:21 GMT',
103 verbose headers   connection: 'close',
103 verbose headers   'cf-ray': '7261661dac15b3d4-MIA',
103 verbose headers   'cache-control': 'public, max-age=300',
103 verbose headers   etag: '"216f08a6c03531bd9788828de122f16e"',
103 verbose headers   'last-modified': 'Sat, 18 Jun 2022 21:54:10 GMT',
103 verbose headers   vary: 'Accept-Encoding',
103 verbose headers   'cf-cache-status': 'REVALIDATED',
103 verbose headers   'expect-ct': 'max-age=604800, report-uri="https://report-uri.cloudflare.com/cdn-cgi/beacon/expect-ct"',
103 verbose headers   'x-amz-replication-status': 'COMPLETED',
103 verbose headers   server: 'cloudflare' }
104 silly get cb [ 304,
104 silly get   { date: 'Tue, 05 Jul 2022 16:15:21 GMT',
104 silly get     connection: 'close',
104 silly get     'cf-ray': '7261661dac15b3d4-MIA',
104 silly get     'cache-control': 'public, max-age=300',
104 silly get     etag: '"216f08a6c03531bd9788828de122f16e"',
104 silly get     'last-modified': 'Sat, 18 Jun 2022 21:54:10 GMT',
104 silly get     vary: 'Accept-Encoding',
104 silly get     'cf-cache-status': 'REVALIDATED',
104 silly get     'expect-ct': 'max-age=604800, report-uri="https://report-uri.cloudflare.com/cdn-cgi/beacon/expect-ct"',
104 silly get     'x-amz-replication-status': 'COMPLETED',
104 silly get     server: 'cloudflare' } ]
105 verbose etag https://registry.npmjs.org/html-loader from cache
106 verbose get saving html-loader to /root/.npm/registry.npmjs.org/html-loader/.cache.json
107 silly resolveWithNewModule webpack@5.73.0 checking installable status
108 silly cache add args [ 'webpack@^5.73.0', null ]
109 verbose cache add spec webpack@^5.73.0
110 silly cache add parsed spec Result {
110 silly cache add   raw: 'webpack@^5.73.0',
110 silly cache add   scope: null,
110 silly cache add   name: 'webpack',
110 silly cache add   rawSpec: '^5.73.0',
110 silly cache add   spec: '>=5.73.0 <6.0.0',
110 silly cache add   type: 'range' }
111 silly addNamed webpack@>=5.73.0 <6.0.0
112 verbose addNamed ">=5.73.0 <6.0.0" is a valid semver range for webpack
113 silly addNameRange { name: 'webpack', range: '>=5.73.0 <6.0.0', hasData: false }
114 silly mapToRegistry name webpack
115 silly mapToRegistry using default registry
116 silly mapToRegistry registry https://registry.npmjs.org/
117 silly mapToRegistry uri https://registry.npmjs.org/webpack
118 verbose addNameRange registry:https://registry.npmjs.org/webpack not in flight; fetching
119 silly cache afterAdd mongodb@4.7.0
120 verbose afterAdd /root/.npm/mongodb/4.7.0/package/package.json not in flight; writing
121 silly resolveWithNewModule html-loader@3.1.2 checking installable status
122 silly cache add args [ 'html-loader@^3.1.2', null ]
123 verbose cache add spec html-loader@^3.1.2
124 silly cache add parsed spec Result {
124 silly cache add   raw: 'html-loader@^3.1.2',
124 silly cache add   scope: null,
124 silly cache add   name: 'html-loader',
124 silly cache add   rawSpec: '^3.1.2',
124 silly cache add   spec: '>=3.1.2 <4.0.0',
124 silly cache add   type: 'range' }
125 silly addNamed html-loader@>=3.1.2 <4.0.0
126 verbose addNamed ">=3.1.2 <4.0.0" is a valid semver range for html-loader
127 silly addNameRange { name: 'html-loader', range: '>=3.1.2 <4.0.0', hasData: false }
128 silly mapToRegistry name html-loader
129 silly mapToRegistry using default registry
130 silly mapToRegistry registry https://registry.npmjs.org/
131 silly mapToRegistry uri https://registry.npmjs.org/html-loader
132 verbose addNameRange registry:https://registry.npmjs.org/html-loader not in flight; fetching
133 verbose afterAdd /root/.npm/mongodb/4.7.0/package/package.json written
134 verbose get https://registry.npmjs.org/webpack not expired, no request
135 silly addNameRange number 2 { name: 'webpack', range: '>=5.73.0 <6.0.0', hasData: true }
136 silly addNameRange versions [ 'webpack',
136 silly addNameRange   [ '0.1.0',
136 silly addNameRange     '0.1.1',
136 silly addNameRange     '0.1.2',
136 silly addNameRange     '0.1.3',
136 silly addNameRange     '0.1.4',
136 silly addNameRange     '0.1.5',
136 silly addNameRange     '0.1.6',
136 silly addNameRange     '0.2.0',
136 silly addNameRange     '0.2.1',
136 silly addNameRange     '0.2.2',
136 silly addNameRange     '0.2.3',
136 silly addNameRange     '0.2.4',
136 silly addNameRange     '0.2.6',
136 silly addNameRange     '0.2.7',
136 silly addNameRange     '0.2.8',
136 silly addNameRange     '0.3.0',
136 silly addNameRange     '0.3.1',
136 silly addNameRange     '0.3.2',
136 silly addNameRange     '0.3.3',
136 silly addNameRange     '0.3.4',
136 silly addNameRange     '0.3.6',
136 silly addNameRange     '0.3.7',
136 silly addNameRange     '0.3.8',
136 silly addNameRange     '0.3.9',
136 silly addNameRange     '0.3.10',
136 silly addNameRange     '0.3.11',
136 silly addNameRange     '0.3.12',
136 silly addNameRange     '0.3.13',
136 silly addNameRange     '0.3.14',
136 silly addNameRange     '0.3.15',
136 silly addNameRange     '0.3.16',
136 silly addNameRange     '0.3.17',
136 silly addNameRange     '0.3.18',
136 silly addNameRange     '0.3.19',
136 silly addNameRange     '0.3.20',
136 silly addNameRange     '0.4.0',
136 silly addNameRange     '0.4.1',
136 silly addNameRange     '0.4.2',
136 silly addNameRange     '0.4.3',
136 silly addNameRange     '0.4.4',
136 silly addNameRange     '0.4.5',
136 silly addNameRange     '0.4.6',
136 silly addNameRange     '0.4.7',
136 silly addNameRange     '0.4.8',
136 silly addNameRange     '0.4.9',
136 silly addNameRange     '0.4.10',
136 silly addNameRange     '0.4.11',
136 silly addNameRange     '0.4.12',
136 silly addNameRange     '0.4.13',
136 silly addNameRange     '0.4.14',
136 silly addNameRange     '0.4.15',
136 silly addNameRange     '0.4.16',
136 silly addNameRange     '0.4.17',
136 silly addNameRange     '0.4.18',
136 silly addNameRange     '0.4.19',
136 silly addNameRange     '0.4.20',
136 silly addNameRange     '0.4.21',
136 silly addNameRange     '0.4.23',
136 silly addNameRange     '0.4.24',
136 silly addNameRange     '0.4.25',
136 silly addNameRange     '0.5.0',
136 silly addNameRange     '0.5.1',
136 silly addNameRange     '0.5.2',
136 silly addNameRange     '0.5.3',
136 silly addNameRange     '0.5.4',
136 silly addNameRange     '0.5.5',
136 silly addNameRange     '0.5.6',
136 silly addNameRange     '0.5.7',
136 silly addNameRange     '0.5.8',
136 silly addNameRange     '0.5.10',
136 silly addNameRange     '0.6.0',
136 silly addNameRange     '0.6.1',
136 silly addNameRange     '0.6.2',
136 silly addNameRange     '0.7.0-beta',
136 silly addNameRange     '0.7.0-beta2',
136 silly addNameRange     '0.7.0-beta3',
136 silly addNameRange     '0.7.0-beta4',
136 silly addNameRange     '0.7.0-beta5',
136 silly addNameRange     '0.7.0-beta6',
136 silly addNameRange     '0.7.0-beta7',
136 silly addNameRange     '0.7.0-beta8',
136 silly addNameRange     '0.7.0',
136 silly addNameRange     '0.7.1',
136 silly addNameRange     '0.7.2',
136 silly addNameRange     '0.7.3',
136 silly addNameRange     '0.7.4',
136 silly addNameRange     '0.7.5',
136 silly addNameRange     '0.7.6',
136 silly addNameRange     '0.7.7',
136 silly addNameRange     '0.7.8',
136 silly addNameRange     '0.7.9',
136 silly addNameRange     '0.7.11',
136 silly addNameRange     '0.7.12',
136 silly addNameRange     '0.7.13',
136 silly addNameRange     '0.7.14',
136 silly addNameRange     '0.7.15',
136 silly addNameRange     '0.7.16',
136 silly addNameRange     '0.7.17',
136 silly addNameRange     '0.8.0-beta1',
136 silly addNameRange     '0.8.0-beta2',
136 silly addNameRange     ... 701 more items ] ]
137 silly addNamed webpack@5.73.0
138 verbose addNamed "5.73.0" is a plain semver version for webpack
139 verbose get https://registry.npmjs.org/html-loader not expired, no request
140 silly addNameRange number 2 { name: 'html-loader', range: '>=3.1.2 <4.0.0', hasData: true }
141 silly addNameRange versions [ 'html-loader',
141 silly addNameRange   [ '0.1.0',
141 silly addNameRange     '0.2.0',
141 silly addNameRange     '0.2.1',
141 silly addNameRange     '0.2.2',
141 silly addNameRange     '0.2.3',
141 silly addNameRange     '0.3.0',
141 silly addNameRange     '0.4.0',
141 silly addNameRange     '0.4.2',
141 silly addNameRange     '0.4.3',
141 silly addNameRange     '0.4.4',
141 silly addNameRange     '0.4.5',
141 silly addNameRange     '0.5.0',
141 silly addNameRange     '0.5.1',
141 silly addNameRange     '0.5.4',
141 silly addNameRange     '0.5.5',
141 silly addNameRange     '1.0.0-alpha.0',
141 silly addNameRange     '1.0.0',
141 silly addNameRange     '1.1.0',
141 silly addNameRange     '1.2.0',
141 silly addNameRange     '1.2.1',
141 silly addNameRange     '1.3.0',
141 silly addNameRange     '1.3.1',
141 silly addNameRange     '1.3.2',
141 silly addNameRange     '2.0.0',
141 silly addNameRange     '2.1.0',
141 silly addNameRange     '2.1.1',
141 silly addNameRange     '2.1.2',
141 silly addNameRange     '3.0.0',
141 silly addNameRange     '3.0.1',
141 silly addNameRange     '3.1.0',
141 silly addNameRange     '3.1.1',
141 silly addNameRange     '4.0.0',
141 silly addNameRange     '3.1.2' ] ]
142 silly addNamed html-loader@3.1.2
143 verbose addNamed "3.1.2" is a plain semver version for html-loader
144 silly cache afterAdd webpack@5.73.0
145 verbose afterAdd /root/.npm/webpack/5.73.0/package/package.json not in flight; writing
146 verbose afterAdd /root/.npm/webpack/5.73.0/package/package.json written
147 silly cache afterAdd html-loader@3.1.2
148 verbose afterAdd /root/.npm/html-loader/3.1.2/package/package.json not in flight; writing
149 verbose afterAdd /root/.npm/html-loader/3.1.2/package/package.json written
150 http 200 https://registry.npmjs.org/react
151 verbose headers { date: 'Tue, 05 Jul 2022 16:15:21 GMT',
151 verbose headers   'content-type': 'application/json',
151 verbose headers   'transfer-encoding': 'chunked',
151 verbose headers   connection: 'close',
151 verbose headers   'cf-ray': '7261661dbd596da1-MIA',
151 verbose headers   'access-control-allow-origin': '*',
151 verbose headers   age: '89',
151 verbose headers   'cache-control': 'public, max-age=300',
151 verbose headers   etag: 'W/"7ae4829e74f77c73668d4e678be90c28"',
151 verbose headers   'last-modified': 'Tue, 05 Jul 2022 16:13:41 GMT',
151 verbose headers   vary: 'accept-encoding, accept',
151 verbose headers   'cf-cache-status': 'HIT',
151 verbose headers   'expect-ct': 'max-age=604800, report-uri="https://report-uri.cloudflare.com/cdn-cgi/beacon/expect-ct"',
151 verbose headers   'x-amz-replication-status': 'PENDING',
151 verbose headers   server: 'cloudflare',
151 verbose headers   'content-encoding': 'gzip' }
152 silly get cb [ 200,
152 silly get   { date: 'Tue, 05 Jul 2022 16:15:21 GMT',
152 silly get     'content-type': 'application/json',
152 silly get     'transfer-encoding': 'chunked',
152 silly get     connection: 'close',
152 silly get     'cf-ray': '7261661dbd596da1-MIA',
152 silly get     'access-control-allow-origin': '*',
152 silly get     age: '89',
152 silly get     'cache-control': 'public, max-age=300',
152 silly get     etag: 'W/"7ae4829e74f77c73668d4e678be90c28"',
152 silly get     'last-modified': 'Tue, 05 Jul 2022 16:13:41 GMT',
152 silly get     vary: 'accept-encoding, accept',
152 silly get     'cf-cache-status': 'HIT',
152 silly get     'expect-ct': 'max-age=604800, report-uri="https://report-uri.cloudflare.com/cdn-cgi/beacon/expect-ct"',
152 silly get     'x-amz-replication-status': 'PENDING',
152 silly get     server: 'cloudflare',
152 silly get     'content-encoding': 'gzip' } ]
153 verbose get saving react to /root/.npm/registry.npmjs.org/react/.cache.json
154 silly resolveWithNewModule react@18.2.0 checking installable status
155 silly cache add args [ 'react@^18.2.0', null ]
156 verbose cache add spec react@^18.2.0
157 silly cache add parsed spec Result {
157 silly cache add   raw: 'react@^18.2.0',
157 silly cache add   scope: null,
157 silly cache add   name: 'react',
157 silly cache add   rawSpec: '^18.2.0',
157 silly cache add   spec: '>=18.2.0 <19.0.0',
157 silly cache add   type: 'range' }
158 silly addNamed react@>=18.2.0 <19.0.0
159 verbose addNamed ">=18.2.0 <19.0.0" is a valid semver range for react
160 silly addNameRange { name: 'react', range: '>=18.2.0 <19.0.0', hasData: false }
161 silly mapToRegistry name react
162 silly mapToRegistry using default registry
163 silly mapToRegistry registry https://registry.npmjs.org/
164 silly mapToRegistry uri https://registry.npmjs.org/react
165 verbose addNameRange registry:https://registry.npmjs.org/react not in flight; fetching
166 verbose get https://registry.npmjs.org/react not expired, no request
167 silly addNameRange number 2 { name: 'react', range: '>=18.2.0 <19.0.0', hasData: true }
168 silly addNameRange versions [ 'react',
168 silly addNameRange   [ '0.0.1',
168 silly addNameRange     '0.0.2',
168 silly addNameRange     '0.0.3',
168 silly addNameRange     '0.1.2',
168 silly addNameRange     '0.2.0',
168 silly addNameRange     '0.2.1',
168 silly addNameRange     '0.2.2',
168 silly addNameRange     '0.2.3',
168 silly addNameRange     '0.2.4',
168 silly addNameRange     '0.2.5',
168 silly addNameRange     '0.2.6',
168 silly addNameRange     '0.3.0',
168 silly addNameRange     '0.3.4',
168 silly addNameRange     '0.3.5',
168 silly addNameRange     '0.5.0',
168 silly addNameRange     '0.5.1',
168 silly addNameRange     '0.5.2',
168 silly addNameRange     '0.6.0',
168 silly addNameRange     '0.6.1',
168 silly addNameRange     '0.6.2',
168 silly addNameRange     '0.6.3',
168 silly addNameRange     '0.7.0',
168 silly addNameRange     '0.7.1',
168 silly addNameRange     '0.8.0',
168 silly addNameRange     '0.9.0-rc1',
168 silly addNameRange     '0.9.0',
168 silly addNameRange     '0.10.0-rc1',
168 silly addNameRange     '0.10.0',
168 silly addNameRange     '0.11.0-rc1',
168 silly addNameRange     '0.11.0',
168 silly addNameRange     '0.11.1',
168 silly addNameRange     '0.11.2',
168 silly addNameRange     '0.12.0-rc1',
168 silly addNameRange     '0.12.0',
168 silly addNameRange     '0.12.1',
168 silly addNameRange     '0.12.2',
168 silly addNameRange     '0.13.0-alpha.1',
168 silly addNameRange     '0.13.0-alpha.2',
168 silly addNameRange     '0.13.0-beta.1',
168 silly addNameRange     '0.13.0-beta.2',
168 silly addNameRange     '0.13.0-rc1',
168 silly addNameRange     '0.13.0-rc2',
168 silly addNameRange     '0.13.0',
168 silly addNameRange     '0.13.1',
168 silly addNameRange     '0.13.2',
168 silly addNameRange     '0.13.3',
168 silly addNameRange     '0.14.0-alpha1',
168 silly addNameRange     '0.14.0-alpha2',
168 silly addNameRange     '0.14.0-alpha3',
168 silly addNameRange     '0.14.0-beta1',
168 silly addNameRange     '0.14.0-beta2',
168 silly addNameRange     '0.14.0-beta3',
168 silly addNameRange     '0.14.0-rc1',
168 silly addNameRange     '0.14.0',
168 silly addNameRange     '0.14.1',
168 silly addNameRange     '0.14.2',
168 silly addNameRange     '0.14.3',
168 silly addNameRange     '0.14.4',
168 silly addNameRange     '0.14.5',
168 silly addNameRange     '0.14.6',
168 silly addNameRange     '0.15.0-alpha.1',
168 silly addNameRange     '0.14.7',
168 silly addNameRange     '15.0.0-rc.1',
168 silly addNameRange     '15.0.0-rc.2',
168 silly addNameRange     '0.14.8',
168 silly addNameRange     '15.0.0',
168 silly addNameRange     '15.0.1',
168 silly addNameRange     '15.0.2-alpha.1',
168 silly addNameRange     '15.0.2-alpha.2',
168 silly addNameRange     '15.0.2-alpha.3',
168 silly addNameRange     '15.0.2-alpha.4',
168 silly addNameRange     '15.0.2',
168 silly addNameRange     '15.0.3-alpha.1',
168 silly addNameRange     '15.0.3-alpha.2',
168 silly addNameRange     '15.1.0-alpha.1',
168 silly addNameRange     '15.1.0',
168 silly addNameRange     '15.2.0-rc.1',
168 silly addNameRange     '15.2.0-rc.2',
168 silly addNameRange     '15.2.0',
168 silly addNameRange     '15.2.1',
168 silly addNameRange     '15.3.0-rc.1',
168 silly addNameRange     '15.3.0-rc.2',
168 silly addNameRange     '15.3.0-rc.3',
168 silly addNameRange     '15.3.0',
168 silly addNameRange     '15.3.1-rc.1',
168 silly addNameRange     '15.3.1-rc.2',
168 silly addNameRange     '15.3.1',
168 silly addNameRange     '15.3.2-rc.1',
168 silly addNameRange     '15.3.2',
168 silly addNameRange     '15.4.0-rc.1',
168 silly addNameRange     '15.4.0-rc.2',
168 silly addNameRange     '15.4.0-rc.3',
168 silly addNameRange     '15.4.0-rc.4',
168 silly addNameRange     '15.4.0',
168 silly addNameRange     '15.4.1',
168 silly addNameRange     '15.4.2',
168 silly addNameRange     '16.0.0-alpha',
168 silly addNameRange     '16.0.0-alpha.0',
168 silly addNameRange     '16.0.0-alpha.2',
168 silly addNameRange     '16.0.0-alpha.3',
168 silly addNameRange     ... 860 more items ] ]
169 silly addNamed react@18.2.0
170 verbose addNamed "18.2.0" is a plain semver version for react
171 silly cache afterAdd react@18.2.0
172 verbose afterAdd /root/.npm/react/18.2.0/package/package.json not in flight; writing
173 verbose afterAdd /root/.npm/react/18.2.0/package/package.json written
174 http 200 https://registry.npmjs.org/react-dom
175 verbose headers { date: 'Tue, 05 Jul 2022 16:15:22 GMT',
175 verbose headers   'content-type': 'application/json',
175 verbose headers   'transfer-encoding': 'chunked',
175 verbose headers   connection: 'close',
175 verbose headers   'cf-ray': '72616623d94e21c1-MIA',
175 verbose headers   'access-control-allow-origin': '*',
175 verbose headers   'cache-control': 'public, max-age=300',
175 verbose headers   etag: 'W/"28bc758e9e76648321be77639fbbed91"',
175 verbose headers   'last-modified': 'Tue, 05 Jul 2022 16:13:53 GMT',
175 verbose headers   vary: 'accept-encoding, accept',
175 verbose headers   'cf-cache-status': 'MISS',
175 verbose headers   'expect-ct': 'max-age=604800, report-uri="https://report-uri.cloudflare.com/cdn-cgi/beacon/expect-ct"',
175 verbose headers   'x-amz-replication-status': 'COMPLETED',
175 verbose headers   server: 'cloudflare',
175 verbose headers   'content-encoding': 'gzip' }
176 silly get cb [ 200,
176 silly get   { date: 'Tue, 05 Jul 2022 16:15:22 GMT',
176 silly get     'content-type': 'application/json',
176 silly get     'transfer-encoding': 'chunked',
176 silly get     connection: 'close',
176 silly get     'cf-ray': '72616623d94e21c1-MIA',
176 silly get     'access-control-allow-origin': '*',
176 silly get     'cache-control': 'public, max-age=300',
176 silly get     etag: 'W/"28bc758e9e76648321be77639fbbed91"',
176 silly get     'last-modified': 'Tue, 05 Jul 2022 16:13:53 GMT',
176 silly get     vary: 'accept-encoding, accept',
176 silly get     'cf-cache-status': 'MISS',
176 silly get     'expect-ct': 'max-age=604800, report-uri="https://report-uri.cloudflare.com/cdn-cgi/beacon/expect-ct"',
176 silly get     'x-amz-replication-status': 'COMPLETED',
176 silly get     server: 'cloudflare',
176 silly get     'content-encoding': 'gzip' } ]
177 verbose get saving react-dom to /root/.npm/registry.npmjs.org/react-dom/.cache.json
178 silly resolveWithNewModule react-dom@18.2.0 checking installable status
179 silly cache add args [ 'react-dom@^18.2.0', null ]
180 verbose cache add spec react-dom@^18.2.0
181 silly cache add parsed spec Result {
181 silly cache add   raw: 'react-dom@^18.2.0',
181 silly cache add   scope: null,
181 silly cache add   name: 'react-dom',
181 silly cache add   rawSpec: '^18.2.0',
181 silly cache add   spec: '>=18.2.0 <19.0.0',
181 silly cache add   type: 'range' }
182 silly addNamed react-dom@>=18.2.0 <19.0.0
183 verbose addNamed ">=18.2.0 <19.0.0" is a valid semver range for react-dom
184 silly addNameRange { name: 'react-dom', range: '>=18.2.0 <19.0.0', hasData: false }
185 silly mapToRegistry name react-dom
186 silly mapToRegistry using default registry
187 silly mapToRegistry registry https://registry.npmjs.org/
188 silly mapToRegistry uri https://registry.npmjs.org/react-dom
189 verbose addNameRange registry:https://registry.npmjs.org/react-dom not in flight; fetching
190 verbose get https://registry.npmjs.org/react-dom not expired, no request
191 silly addNameRange number 2 { name: 'react-dom', range: '>=18.2.0 <19.0.0', hasData: true }
192 silly addNameRange versions [ 'react-dom',
192 silly addNameRange   [ '0.1.0',
192 silly addNameRange     '0.14.0-beta1',
192 silly addNameRange     '0.14.0-beta2',
192 silly addNameRange     '0.14.0-beta3',
192 silly addNameRange     '0.14.0-rc1',
192 silly addNameRange     '0.14.0',
192 silly addNameRange     '0.14.1',
192 silly addNameRange     '0.14.2',
192 silly addNameRange     '0.14.3',
192 silly addNameRange     '0.14.4',
192 silly addNameRange     '0.14.5',
192 silly addNameRange     '0.14.6',
192 silly addNameRange     '0.15.0-alpha.1',
192 silly addNameRange     '0.14.7',
192 silly addNameRange     '15.0.0-rc.1',
192 silly addNameRange     '15.0.0-rc.2',
192 silly addNameRange     '0.14.8',
192 silly addNameRange     '15.0.0',
192 silly addNameRange     '15.0.1',
192 silly addNameRange     '15.0.2-alpha.1',
192 silly addNameRange     '15.0.2-alpha.2',
192 silly addNameRange     '15.0.2-alpha.3',
192 silly addNameRange     '15.0.2-alpha.4',
192 silly addNameRange     '15.0.2',
192 silly addNameRange     '15.0.3-alpha.1',
192 silly addNameRange     '15.0.3-alpha.2',
192 silly addNameRange     '15.1.0-alpha.1',
192 silly addNameRange     '15.1.0',
192 silly addNameRange     '15.2.0-rc.1',
192 silly addNameRange     '15.2.0-rc.2',
192 silly addNameRange     '15.2.0',
192 silly addNameRange     '15.2.1',
192 silly addNameRange     '15.3.0-rc.1',
192 silly addNameRange     '15.3.0-rc.2',
192 silly addNameRange     '15.3.0-rc.3',
192 silly addNameRange     '15.3.0',
192 silly addNameRange     '15.3.1-rc.1',
192 silly addNameRange     '15.3.1-rc.2',
192 silly addNameRange     '15.3.1',
192 silly addNameRange     '15.3.2-rc.1',
192 silly addNameRange     '15.3.2',
192 silly addNameRange     '15.4.0-rc.1',
192 silly addNameRange     '15.4.0-rc.2',
192 silly addNameRange     '15.4.0-rc.3',
192 silly addNameRange     '15.4.0-rc.4',
192 silly addNameRange     '15.4.0',
192 silly addNameRange     '15.4.1',
192 silly addNameRange     '15.4.2',
192 silly addNameRange     '16.0.0-alpha',
192 silly addNameRange     '16.0.0-alpha.0',
192 silly addNameRange     '16.0.0-alpha.2',
192 silly addNameRange     '16.0.0-alpha.3',
192 silly addNameRange     '16.0.0-alpha.4',
192 silly addNameRange     '16.0.0-alpha.5',
192 silly addNameRange     '16.0.0-alpha.6',
192 silly addNameRange     '15.5.0-rc.1',
192 silly addNameRange     '16.0.0-alpha.7',
192 silly addNameRange     '15.5.0-rc.2',
192 silly addNameRange     '16.0.0-alpha.8',
192 silly addNameRange     '15.5.0',
192 silly addNameRange     '15.5.1',
192 silly addNameRange     '15.5.2',
192 silly addNameRange     '15.5.3',
192 silly addNameRange     '15.5.4',
192 silly addNameRange     '16.0.0-alpha.9',
192 silly addNameRange     '0.14.9',
192 silly addNameRange     '16.0.0-alpha.10',
192 silly addNameRange     '16.0.0-alpha.11',
192 silly addNameRange     '16.0.0-alpha.12',
192 silly addNameRange     '15.6.0-rc.1',
192 silly addNameRange     '16.0.0-alpha.13',
192 silly addNameRange     '15.6.0',
192 silly addNameRange     '15.6.1',
192 silly addNameRange     '16.0.0-beta.1',
192 silly addNameRange     '16.0.0-beta.2',
192 silly addNameRange     '16.0.0-beta.3',
192 silly addNameRange     '16.0.0-beta.4',
192 silly addNameRange     '16.0.0-beta.5',
192 silly addNameRange     '16.0.0-rc.1',
192 silly addNameRange     '16.0.0-rc.2',
192 silly addNameRange     '16.0.0-rc.3',
192 silly addNameRange     '15.6.2',
192 silly addNameRange     '16.0.0',
192 silly addNameRange     '16.1.0-beta',
192 silly addNameRange     '16.1.0-beta.1',
192 silly addNameRange     '16.1.0-rc',
192 silly addNameRange     '16.1.0',
192 silly addNameRange     '16.1.1',
192 silly addNameRange     '16.2.0',
192 silly addNameRange     '16.3.0-alpha.0',
192 silly addNameRange     '16.3.0-alpha.1',
192 silly addNameRange     '16.4.0-alpha.7926752',
192 silly addNameRange     '16.4.0-alpha.3174632',
192 silly addNameRange     '16.4.0-alpha.0911da3',
192 silly addNameRange     '16.3.0-alpha.2',
192 silly addNameRange     '16.3.0-alpha.3',
192 silly addNameRange     '16.3.0-rc.0',
192 silly addNameRange     '16.3.0',
192 silly addNameRange     '16.3.1',
192 silly addNameRange     '16.3.2',
192 silly addNameRange     ... 815 more items ] ]
193 silly addNamed react-dom@18.2.0
194 verbose addNamed "18.2.0" is a plain semver version for react-dom
195 silly cache afterAdd react-dom@18.2.0
196 verbose afterAdd /root/.npm/react-dom/18.2.0/package/package.json not in flight; writing
197 verbose afterAdd /root/.npm/react-dom/18.2.0/package/package.json written
198 silly fetchNamedPackageData html-minifier-terser
199 silly mapToRegistry name html-minifier-terser
200 silly mapToRegistry using default registry
201 silly mapToRegistry registry https://registry.npmjs.org/
202 silly mapToRegistry uri https://registry.npmjs.org/html-minifier-terser
203 silly fetchNamedPackageData parse5
204 silly mapToRegistry name parse5
205 silly mapToRegistry using default registry
206 silly mapToRegistry registry https://registry.npmjs.org/
207 silly mapToRegistry uri https://registry.npmjs.org/parse5
208 verbose request uri https://registry.npmjs.org/parse5
209 verbose request no auth needed
210 info attempt registry request try #1 at 12:15:23
211 verbose etag W/"1317f6354aa32471e1891c8738d5e6de"
212 verbose lastModified Thu, 23 Jun 2022 11:20:03 GMT
213 http request GET https://registry.npmjs.org/parse5
214 verbose request uri https://registry.npmjs.org/html-minifier-terser
215 verbose request no auth needed
216 info attempt registry request try #1 at 12:15:23
217 verbose etag W/"f1c44b86a20e60005cca844874e9c7ee"
218 verbose lastModified Wed, 08 Jun 2022 17:16:47 GMT
219 http request GET https://registry.npmjs.org/html-minifier-terser
220 http 304 https://registry.npmjs.org/parse5
221 verbose headers { date: 'Tue, 05 Jul 2022 16:15:24 GMT',
221 verbose headers   connection: 'close',
221 verbose headers   'cf-ray': '726166319bff8dcd-MIA',
221 verbose headers   age: '89',
221 verbose headers   'cache-control': 'public, max-age=300',
221 verbose headers   etag: '"1317f6354aa32471e1891c8738d5e6de"',
221 verbose headers   'last-modified': 'Thu, 23 Jun 2022 11:20:03 GMT',
221 verbose headers   vary: 'Accept-Encoding',
221 verbose headers   'cf-cache-status': 'HIT',
221 verbose headers   'expect-ct': 'max-age=604800, report-uri="https://report-uri.cloudflare.com/cdn-cgi/beacon/expect-ct"',
221 verbose headers   'x-amz-replication-status': 'COMPLETED',
221 verbose headers   server: 'cloudflare' }
222 silly get cb [ 304,
222 silly get   { date: 'Tue, 05 Jul 2022 16:15:24 GMT',
222 silly get     connection: 'close',
222 silly get     'cf-ray': '726166319bff8dcd-MIA',
222 silly get     age: '89',
222 silly get     'cache-control': 'public, max-age=300',
222 silly get     etag: '"1317f6354aa32471e1891c8738d5e6de"',
222 silly get     'last-modified': 'Thu, 23 Jun 2022 11:20:03 GMT',
222 silly get     vary: 'Accept-Encoding',
222 silly get     'cf-cache-status': 'HIT',
222 silly get     'expect-ct': 'max-age=604800, report-uri="https://report-uri.cloudflare.com/cdn-cgi/beacon/expect-ct"',
222 silly get     'x-amz-replication-status': 'COMPLETED',
222 silly get     server: 'cloudflare' } ]
223 verbose etag https://registry.npmjs.org/parse5 from cache
224 verbose get saving parse5 to /root/.npm/registry.npmjs.org/parse5/.cache.json
225 silly resolveWithNewModule parse5@6.0.1 checking installable status
226 silly cache add args [ 'parse5@^6.0.1', null ]
227 verbose cache add spec parse5@^6.0.1
228 silly cache add parsed spec Result {
228 silly cache add   raw: 'parse5@^6.0.1',
228 silly cache add   scope: null,
228 silly cache add   name: 'parse5',
228 silly cache add   rawSpec: '^6.0.1',
228 silly cache add   spec: '>=6.0.1 <7.0.0',
228 silly cache add   type: 'range' }
229 silly addNamed parse5@>=6.0.1 <7.0.0
230 verbose addNamed ">=6.0.1 <7.0.0" is a valid semver range for parse5
231 silly addNameRange { name: 'parse5', range: '>=6.0.1 <7.0.0', hasData: false }
232 silly mapToRegistry name parse5
233 silly mapToRegistry using default registry
234 silly mapToRegistry registry https://registry.npmjs.org/
235 silly mapToRegistry uri https://registry.npmjs.org/parse5
236 verbose addNameRange registry:https://registry.npmjs.org/parse5 not in flight; fetching
237 verbose get https://registry.npmjs.org/parse5 not expired, no request
238 silly addNameRange number 2 { name: 'parse5', range: '>=6.0.1 <7.0.0', hasData: true }
239 silly addNameRange versions [ 'parse5',
239 silly addNameRange   [ '0.5.0',
239 silly addNameRange     '0.5.1',
239 silly addNameRange     '0.5.2',
239 silly addNameRange     '0.5.3',
239 silly addNameRange     '0.5.4',
239 silly addNameRange     '0.6.0',
239 silly addNameRange     '0.6.1',
239 silly addNameRange     '0.8.1',
239 silly addNameRange     '0.8.2',
239 silly addNameRange     '0.8.3',
239 silly addNameRange     '1.0.0',
239 silly addNameRange     '1.0.1',
239 silly addNameRange     '1.1.0',
239 silly addNameRange     '1.1.1',
239 silly addNameRange     '1.1.2',
239 silly addNameRange     '1.1.3',
239 silly addNameRange     '1.1.4',
239 silly addNameRange     '1.1.5',
239 silly addNameRange     '1.1.6',
239 silly addNameRange     '1.2.0',
239 silly addNameRange     '1.3.0',
239 silly addNameRange     '1.3.1',
239 silly addNameRange     '1.3.2',
239 silly addNameRange     '1.4.0',
239 silly addNameRange     '1.4.1',
239 silly addNameRange     '1.4.2',
239 silly addNameRange     '1.5.0',
239 silly addNameRange     '1.5.1',
239 silly addNameRange     '2.0.0',
239 silly addNameRange     '2.0.1',
239 silly addNameRange     '2.0.2',
239 silly addNameRange     '2.1.0',
239 silly addNameRange     '2.1.1',
239 silly addNameRange     '2.1.2',
239 silly addNameRange     '2.1.3',
239 silly addNameRange     '2.1.4',
239 silly addNameRange     '2.1.5',
239 silly addNameRange     '2.2.0',
239 silly addNameRange     '2.2.1',
239 silly addNameRange     '2.2.2',
239 silly addNameRange     '2.2.3',
239 silly addNameRange     '3.0.0',
239 silly addNameRange     '3.0.1',
239 silly addNameRange     '3.0.2',
239 silly addNameRange     '3.0.3',
239 silly addNameRange     '4.0.0-test',
239 silly addNameRange     '4.0.0',
239 silly addNameRange     '5.0.0',
239 silly addNameRange     '5.1.0',
239 silly addNameRange     '5.1.1',
239 silly addNameRange     '6.0.0',
239 silly addNameRange     '6.0.1',
239 silly addNameRange     '7.0.0' ] ]
240 silly addNamed parse5@6.0.1
241 verbose addNamed "6.0.1" is a plain semver version for parse5
242 http 304 https://registry.npmjs.org/html-minifier-terser
243 verbose headers { date: 'Tue, 05 Jul 2022 16:15:24 GMT',
243 verbose headers   connection: 'close',
243 verbose headers   'cf-ray': '726166319c32036a-MIA',
243 verbose headers   age: '21',
243 verbose headers   'cache-control': 'public, max-age=300',
243 verbose headers   etag: '"f1c44b86a20e60005cca844874e9c7ee"',
243 verbose headers   'last-modified': 'Wed, 08 Jun 2022 17:16:47 GMT',
243 verbose headers   vary: 'Accept-Encoding',
243 verbose headers   'cf-cache-status': 'HIT',
243 verbose headers   'expect-ct': 'max-age=604800, report-uri="https://report-uri.cloudflare.com/cdn-cgi/beacon/expect-ct"',
243 verbose headers   'x-amz-replication-status': 'COMPLETED',
243 verbose headers   server: 'cloudflare' }
244 silly get cb [ 304,
244 silly get   { date: 'Tue, 05 Jul 2022 16:15:24 GMT',
244 silly get     connection: 'close',
244 silly get     'cf-ray': '726166319c32036a-MIA',
244 silly get     age: '21',
244 silly get     'cache-control': 'public, max-age=300',
244 silly get     etag: '"f1c44b86a20e60005cca844874e9c7ee"',
244 silly get     'last-modified': 'Wed, 08 Jun 2022 17:16:47 GMT',
244 silly get     vary: 'Accept-Encoding',
244 silly get     'cf-cache-status': 'HIT',
244 silly get     'expect-ct': 'max-age=604800, report-uri="https://report-uri.cloudflare.com/cdn-cgi/beacon/expect-ct"',
244 silly get     'x-amz-replication-status': 'COMPLETED',
244 silly get     server: 'cloudflare' } ]
245 verbose etag https://registry.npmjs.org/html-minifier-terser from cache
246 verbose get saving html-minifier-terser to /root/.npm/registry.npmjs.org/html-minifier-terser/.cache.json
247 silly resolveWithNewModule html-minifier-terser@6.1.0 checking installable status
248 silly cache add args [ 'html-minifier-terser@^6.0.2', null ]
249 verbose cache add spec html-minifier-terser@^6.0.2
250 silly cache add parsed spec Result {
250 silly cache add   raw: 'html-minifier-terser@^6.0.2',
250 silly cache add   scope: null,
250 silly cache add   name: 'html-minifier-terser',
250 silly cache add   rawSpec: '^6.0.2',
250 silly cache add   spec: '>=6.0.2 <7.0.0',
250 silly cache add   type: 'range' }
251 silly addNamed html-minifier-terser@>=6.0.2 <7.0.0
252 verbose addNamed ">=6.0.2 <7.0.0" is a valid semver range for html-minifier-terser
253 silly addNameRange { name: 'html-minifier-terser',
253 silly addNameRange   range: '>=6.0.2 <7.0.0',
253 silly addNameRange   hasData: false }
254 silly mapToRegistry name html-minifier-terser
255 silly mapToRegistry using default registry
256 silly mapToRegistry registry https://registry.npmjs.org/
257 silly mapToRegistry uri https://registry.npmjs.org/html-minifier-terser
258 verbose addNameRange registry:https://registry.npmjs.org/html-minifier-terser not in flight; fetching
259 verbose get https://registry.npmjs.org/html-minifier-terser not expired, no request
260 silly addNameRange number 2 { name: 'html-minifier-terser',
260 silly addNameRange   range: '>=6.0.2 <7.0.0',
260 silly addNameRange   hasData: true }
261 silly addNameRange versions [ 'html-minifier-terser',
261 silly addNameRange   [ '5.0.0',
261 silly addNameRange     '5.0.1',
261 silly addNameRange     '5.0.2',
261 silly addNameRange     '5.0.3',
261 silly addNameRange     '5.0.4',
261 silly addNameRange     '5.0.5',
261 silly addNameRange     '5.1.0',
261 silly addNameRange     '5.1.1',
261 silly addNameRange     '6.0.0',
261 silly addNameRange     '6.0.1',
261 silly addNameRange     '6.0.2',
261 silly addNameRange     '6.1.0',
261 silly addNameRange     '7.0.0-alpha.0',
261 silly addNameRange     '7.0.0-alpha.1',
261 silly addNameRange     '7.0.0-alpha.2',
261 silly addNameRange     '7.0.0-beta.0' ] ]
262 silly addNamed html-minifier-terser@6.1.0
263 verbose addNamed "6.1.0" is a plain semver version for html-minifier-terser
264 silly cache afterAdd html-minifier-terser@6.1.0
265 verbose afterAdd /root/.npm/html-minifier-terser/6.1.0/package/package.json not in flight; writing
266 silly cache afterAdd parse5@6.0.1
267 verbose afterAdd /root/.npm/parse5/6.0.1/package/package.json not in flight; writing
268 verbose afterAdd /root/.npm/html-minifier-terser/6.1.0/package/package.json written
269 verbose afterAdd /root/.npm/parse5/6.0.1/package/package.json written
270 silly fetchNamedPackageData camel-case
271 silly mapToRegistry name camel-case
272 silly mapToRegistry using default registry
273 silly mapToRegistry registry https://registry.npmjs.org/
274 silly mapToRegistry uri https://registry.npmjs.org/camel-case
275 silly fetchNamedPackageData clean-css
276 silly mapToRegistry name clean-css
277 silly mapToRegistry using default registry
278 silly mapToRegistry registry https://registry.npmjs.org/
279 silly mapToRegistry uri https://registry.npmjs.org/clean-css
280 silly fetchNamedPackageData commander
281 silly mapToRegistry name commander
282 silly mapToRegistry using default registry
283 silly mapToRegistry registry https://registry.npmjs.org/
284 silly mapToRegistry uri https://registry.npmjs.org/commander
285 silly fetchNamedPackageData he
286 silly mapToRegistry name he
287 silly mapToRegistry using default registry
288 silly mapToRegistry registry https://registry.npmjs.org/
289 silly mapToRegistry uri https://registry.npmjs.org/he
290 silly fetchNamedPackageData param-case
291 silly mapToRegistry name param-case
292 silly mapToRegistry using default registry
293 silly mapToRegistry registry https://registry.npmjs.org/
294 silly mapToRegistry uri https://registry.npmjs.org/param-case
295 silly fetchNamedPackageData relateurl
296 silly mapToRegistry name relateurl
297 silly mapToRegistry using default registry
298 silly mapToRegistry registry https://registry.npmjs.org/
299 silly mapToRegistry uri https://registry.npmjs.org/relateurl
300 silly fetchNamedPackageData terser
301 silly mapToRegistry name terser
302 silly mapToRegistry using default registry
303 silly mapToRegistry registry https://registry.npmjs.org/
304 silly mapToRegistry uri https://registry.npmjs.org/terser
305 verbose request uri https://registry.npmjs.org/camel-case
306 verbose request no auth needed
307 info attempt registry request try #1 at 12:15:23
308 verbose etag W/"aab2a103095895d849ba3770924a566d"
309 verbose lastModified Mon, 13 Jun 2022 05:30:27 GMT
310 http request GET https://registry.npmjs.org/camel-case
311 verbose request uri https://registry.npmjs.org/param-case
312 verbose request no auth needed
313 info attempt registry request try #1 at 12:15:23
314 verbose etag W/"0e15cee6170284566d8221083ceea323"
315 verbose lastModified Thu, 23 Jun 2022 09:51:02 GMT
316 http request GET https://registry.npmjs.org/param-case
317 verbose request uri https://registry.npmjs.org/clean-css
318 verbose request no auth needed
319 info attempt registry request try #1 at 12:15:23
320 verbose etag W/"5d8aaabf717d32d28e2b8a45fde43214"
321 verbose lastModified Mon, 13 Jun 2022 06:07:45 GMT
322 http request GET https://registry.npmjs.org/clean-css
323 verbose request uri https://registry.npmjs.org/commander
324 verbose request no auth needed
325 info attempt registry request try #1 at 12:15:23
326 verbose etag W/"69f43123734166ff6f8b02f31a6e20af"
327 verbose lastModified Mon, 13 Jun 2022 06:34:59 GMT
328 http request GET https://registry.npmjs.org/commander
329 verbose request uri https://registry.npmjs.org/relateurl
330 verbose request no auth needed
331 info attempt registry request try #1 at 12:15:23
332 verbose etag W/"53fbdb7c087558cda476caa22ea76ae5"
333 verbose lastModified Sun, 26 Jun 2022 10:53:21 GMT
334 http request GET https://registry.npmjs.org/relateurl
335 verbose request uri https://registry.npmjs.org/terser
336 verbose request no auth needed
337 info attempt registry request try #1 at 12:15:23
338 verbose etag W/"df07d4794ddea2edcc637ab7ea956907"
339 verbose lastModified Fri, 10 Jun 2022 14:19:55 GMT
340 http request GET https://registry.npmjs.org/terser
341 verbose request uri https://registry.npmjs.org/he
342 verbose request no auth needed
343 info attempt registry request try #1 at 12:15:23
344 verbose etag W/"7e47488d713787e2ab78820eea3fd538"
345 verbose lastModified Sat, 18 Jun 2022 19:42:22 GMT
346 http request GET https://registry.npmjs.org/he
347 http 304 https://registry.npmjs.org/camel-case
348 verbose headers { date: 'Tue, 05 Jul 2022 16:15:24 GMT',
348 verbose headers   connection: 'close',
348 verbose headers   'cf-ray': '726166349e6867ba-MIA',
348 verbose headers   age: '188',
348 verbose headers   'cache-control': 'public, max-age=300',
348 verbose headers   etag: '"aab2a103095895d849ba3770924a566d"',
348 verbose headers   'last-modified': 'Mon, 13 Jun 2022 05:30:27 GMT',
348 verbose headers   vary: 'Accept-Encoding',
348 verbose headers   'cf-cache-status': 'HIT',
348 verbose headers   'expect-ct': 'max-age=604800, report-uri="https://report-uri.cloudflare.com/cdn-cgi/beacon/expect-ct"',
348 verbose headers   'x-amz-replication-status': 'COMPLETED',
348 verbose headers   server: 'cloudflare' }
349 silly get cb [ 304,
349 silly get   { date: 'Tue, 05 Jul 2022 16:15:24 GMT',
349 silly get     connection: 'close',
349 silly get     'cf-ray': '726166349e6867ba-MIA',
349 silly get     age: '188',
349 silly get     'cache-control': 'public, max-age=300',
349 silly get     etag: '"aab2a103095895d849ba3770924a566d"',
349 silly get     'last-modified': 'Mon, 13 Jun 2022 05:30:27 GMT',
349 silly get     vary: 'Accept-Encoding',
349 silly get     'cf-cache-status': 'HIT',
349 silly get     'expect-ct': 'max-age=604800, report-uri="https://report-uri.cloudflare.com/cdn-cgi/beacon/expect-ct"',
349 silly get     'x-amz-replication-status': 'COMPLETED',
349 silly get     server: 'cloudflare' } ]
350 verbose etag https://registry.npmjs.org/camel-case from cache
351 verbose get saving camel-case to /root/.npm/registry.npmjs.org/camel-case/.cache.json
352 silly resolveWithNewModule camel-case@4.1.2 checking installable status
353 silly cache add args [ 'camel-case@^4.1.2', null ]
354 verbose cache add spec camel-case@^4.1.2
355 silly cache add parsed spec Result {
355 silly cache add   raw: 'camel-case@^4.1.2',
355 silly cache add   scope: null,
355 silly cache add   name: 'camel-case',
355 silly cache add   rawSpec: '^4.1.2',
355 silly cache add   spec: '>=4.1.2 <5.0.0',
355 silly cache add   type: 'range' }
356 silly addNamed camel-case@>=4.1.2 <5.0.0
357 verbose addNamed ">=4.1.2 <5.0.0" is a valid semver range for camel-case
358 silly addNameRange { name: 'camel-case', range: '>=4.1.2 <5.0.0', hasData: false }
359 silly mapToRegistry name camel-case
360 silly mapToRegistry using default registry
361 silly mapToRegistry registry https://registry.npmjs.org/
362 silly mapToRegistry uri https://registry.npmjs.org/camel-case
363 verbose addNameRange registry:https://registry.npmjs.org/camel-case not in flight; fetching
364 verbose get https://registry.npmjs.org/camel-case not expired, no request
365 silly addNameRange number 2 { name: 'camel-case', range: '>=4.1.2 <5.0.0', hasData: true }
366 silly addNameRange versions [ 'camel-case',
366 silly addNameRange   [ '0.0.1',
366 silly addNameRange     '0.0.2',
366 silly addNameRange     '0.1.0',
366 silly addNameRange     '1.0.0',
366 silly addNameRange     '1.0.1',
366 silly addNameRange     '1.0.2',
366 silly addNameRange     '1.1.0',
366 silly addNameRange     '1.1.1',
366 silly addNameRange     '1.1.2',
366 silly addNameRange     '1.2.0',
366 silly addNameRange     '1.2.1',
366 silly addNameRange     '1.2.2',
366 silly addNameRange     '2.0.0',
366 silly addNameRange     '2.1.0',
366 silly addNameRange     '3.0.0',
366 silly addNameRange     '4.0.0',
366 silly addNameRange     '4.0.1',
366 silly addNameRange     '4.1.0',
366 silly addNameRange     '4.1.1',
366 silly addNameRange     '4.1.2' ] ]
367 silly addNamed camel-case@4.1.2
368 verbose addNamed "4.1.2" is a plain semver version for camel-case
369 http 304 https://registry.npmjs.org/relateurl
370 verbose headers { date: 'Tue, 05 Jul 2022 16:15:24 GMT',
370 verbose headers   connection: 'close',
370 verbose headers   'cf-ray': '72616634aa548d96-MIA',
370 verbose headers   age: '33',
370 verbose headers   'cache-control': 'public, max-age=300',
370 verbose headers   etag: '"53fbdb7c087558cda476caa22ea76ae5"',
370 verbose headers   'last-modified': 'Sun, 26 Jun 2022 10:53:21 GMT',
370 verbose headers   vary: 'Accept-Encoding',
370 verbose headers   'cf-cache-status': 'HIT',
370 verbose headers   'expect-ct': 'max-age=604800, report-uri="https://report-uri.cloudflare.com/cdn-cgi/beacon/expect-ct"',
370 verbose headers   'x-amz-replication-status': 'COMPLETED',
370 verbose headers   server: 'cloudflare' }
371 silly get cb [ 304,
371 silly get   { date: 'Tue, 05 Jul 2022 16:15:24 GMT',
371 silly get     connection: 'close',
371 silly get     'cf-ray': '72616634aa548d96-MIA',
371 silly get     age: '33',
371 silly get     'cache-control': 'public, max-age=300',
371 silly get     etag: '"53fbdb7c087558cda476caa22ea76ae5"',
371 silly get     'last-modified': 'Sun, 26 Jun 2022 10:53:21 GMT',
371 silly get     vary: 'Accept-Encoding',
371 silly get     'cf-cache-status': 'HIT',
371 silly get     'expect-ct': 'max-age=604800, report-uri="https://report-uri.cloudflare.com/cdn-cgi/beacon/expect-ct"',
371 silly get     'x-amz-replication-status': 'COMPLETED',
371 silly get     server: 'cloudflare' } ]
372 verbose etag https://registry.npmjs.org/relateurl from cache
373 verbose get saving relateurl to /root/.npm/registry.npmjs.org/relateurl/.cache.json
374 silly resolveWithNewModule relateurl@0.2.7 checking installable status
375 silly cache add args [ 'relateurl@^0.2.7', null ]
376 verbose cache add spec relateurl@^0.2.7
377 silly cache add parsed spec Result {
377 silly cache add   raw: 'relateurl@^0.2.7',
377 silly cache add   scope: null,
377 silly cache add   name: 'relateurl',
377 silly cache add   rawSpec: '^0.2.7',
377 silly cache add   spec: '>=0.2.7 <0.3.0',
377 silly cache add   type: 'range' }
378 silly addNamed relateurl@>=0.2.7 <0.3.0
379 verbose addNamed ">=0.2.7 <0.3.0" is a valid semver range for relateurl
380 silly addNameRange { name: 'relateurl', range: '>=0.2.7 <0.3.0', hasData: false }
381 silly mapToRegistry name relateurl
382 silly mapToRegistry using default registry
383 silly mapToRegistry registry https://registry.npmjs.org/
384 silly mapToRegistry uri https://registry.npmjs.org/relateurl
385 verbose addNameRange registry:https://registry.npmjs.org/relateurl not in flight; fetching
386 verbose get https://registry.npmjs.org/relateurl not expired, no request
387 silly addNameRange number 2 { name: 'relateurl', range: '>=0.2.7 <0.3.0', hasData: true }
388 silly addNameRange versions [ 'relateurl',
388 silly addNameRange   [ '0.1.0',
388 silly addNameRange     '0.2.0',
388 silly addNameRange     '0.2.1',
388 silly addNameRange     '0.2.2',
388 silly addNameRange     '0.2.3',
388 silly addNameRange     '0.2.4',
388 silly addNameRange     '0.2.5',
388 silly addNameRange     '0.2.6',
388 silly addNameRange     '0.2.7' ] ]
389 silly addNamed relateurl@0.2.7
390 verbose addNamed "0.2.7" is a plain semver version for relateurl
391 http 304 https://registry.npmjs.org/clean-css
392 verbose headers { date: 'Tue, 05 Jul 2022 16:15:24 GMT',
392 verbose headers   connection: 'close',
392 verbose headers   'cf-ray': '72616634adcd8da3-MIA',
392 verbose headers   age: '289',
392 verbose headers   'cache-control': 'public, max-age=300',
392 verbose headers   etag: '"5d8aaabf717d32d28e2b8a45fde43214"',
392 verbose headers   'last-modified': 'Mon, 13 Jun 2022 06:07:45 GMT',
392 verbose headers   vary: 'Accept-Encoding',
392 verbose headers   'cf-cache-status': 'HIT',
392 verbose headers   'expect-ct': 'max-age=604800, report-uri="https://report-uri.cloudflare.com/cdn-cgi/beacon/expect-ct"',
392 verbose headers   'x-amz-replication-status': 'COMPLETED',
392 verbose headers   server: 'cloudflare' }
393 silly get cb [ 304,
393 silly get   { date: 'Tue, 05 Jul 2022 16:15:24 GMT',
393 silly get     connection: 'close',
393 silly get     'cf-ray': '72616634adcd8da3-MIA',
393 silly get     age: '289',
393 silly get     'cache-control': 'public, max-age=300',
393 silly get     etag: '"5d8aaabf717d32d28e2b8a45fde43214"',
393 silly get     'last-modified': 'Mon, 13 Jun 2022 06:07:45 GMT',
393 silly get     vary: 'Accept-Encoding',
393 silly get     'cf-cache-status': 'HIT',
393 silly get     'expect-ct': 'max-age=604800, report-uri="https://report-uri.cloudflare.com/cdn-cgi/beacon/expect-ct"',
393 silly get     'x-amz-replication-status': 'COMPLETED',
393 silly get     server: 'cloudflare' } ]
394 verbose etag https://registry.npmjs.org/clean-css from cache
395 verbose get saving clean-css to /root/.npm/registry.npmjs.org/clean-css/.cache.json
396 silly cache afterAdd camel-case@4.1.2
397 verbose afterAdd /root/.npm/camel-case/4.1.2/package/package.json not in flight; writing
398 silly cache afterAdd relateurl@0.2.7
399 verbose afterAdd /root/.npm/relateurl/0.2.7/package/package.json not in flight; writing
400 verbose afterAdd /root/.npm/camel-case/4.1.2/package/package.json written
401 verbose afterAdd /root/.npm/relateurl/0.2.7/package/package.json written
402 silly resolveWithNewModule clean-css@5.3.0 checking installable status
403 silly cache add args [ 'clean-css@^5.2.2', null ]
404 verbose cache add spec clean-css@^5.2.2
405 silly cache add parsed spec Result {
405 silly cache add   raw: 'clean-css@^5.2.2',
405 silly cache add   scope: null,
405 silly cache add   name: 'clean-css',
405 silly cache add   rawSpec: '^5.2.2',
405 silly cache add   spec: '>=5.2.2 <6.0.0',
405 silly cache add   type: 'range' }
406 silly addNamed clean-css@>=5.2.2 <6.0.0
407 verbose addNamed ">=5.2.2 <6.0.0" is a valid semver range for clean-css
408 silly addNameRange { name: 'clean-css', range: '>=5.2.2 <6.0.0', hasData: false }
409 silly mapToRegistry name clean-css
410 silly mapToRegistry using default registry
411 silly mapToRegistry registry https://registry.npmjs.org/
412 silly mapToRegistry uri https://registry.npmjs.org/clean-css
413 verbose addNameRange registry:https://registry.npmjs.org/clean-css not in flight; fetching
414 verbose get https://registry.npmjs.org/clean-css not expired, no request
415 silly addNameRange number 2 { name: 'clean-css', range: '>=5.2.2 <6.0.0', hasData: true }
416 silly addNameRange versions [ 'clean-css',
416 silly addNameRange   [ '0.1.0',
416 silly addNameRange     '0.2.0',
416 silly addNameRange     '0.2.1',
416 silly addNameRange     '0.2.2',
416 silly addNameRange     '0.2.3',
416 silly addNameRange     '0.2.4',
416 silly addNameRange     '0.2.5',
416 silly addNameRange     '0.2.6',
416 silly addNameRange     '0.3.0',
416 silly addNameRange     '0.3.1',
416 silly addNameRange     '0.3.2',
416 silly addNameRange     '0.3.3',
416 silly addNameRange     '0.4.0',
416 silly addNameRange     '0.4.1',
416 silly addNameRange     '0.4.2',
416 silly addNameRange     '0.5.0',
416 silly addNameRange     '0.6.0',
416 silly addNameRange     '0.7.0',
416 silly addNameRange     '0.8.0',
416 silly addNameRange     '0.8.1',
416 silly addNameRange     '0.8.2',
416 silly addNameRange     '0.8.3',
416 silly addNameRange     '0.9.0',
416 silly addNameRange     '0.9.1',
416 silly addNameRange     '0.10.0',
416 silly addNameRange     '0.10.1',
416 silly addNameRange     '0.10.2',
416 silly addNameRange     '1.0.0',
416 silly addNameRange     '1.0.1',
416 silly addNameRange     '1.0.2',
416 silly addNameRange     '1.0.3',
416 silly addNameRange     '1.0.4',
416 silly addNameRange     '1.0.5',
416 silly addNameRange     '1.0.6',
416 silly addNameRange     '1.0.7',
416 silly addNameRange     '1.0.8',
416 silly addNameRange     '1.0.9',
416 silly addNameRange     '1.0.10',
416 silly addNameRange     '1.0.11',
416 silly addNameRange     '1.0.12',
416 silly addNameRange     '1.1.0',
416 silly addNameRange     '1.1.1',
416 silly addNameRange     '1.1.2',
416 silly addNameRange     '1.1.3',
416 silly addNameRange     '1.1.4',
416 silly addNameRange     '1.1.5',
416 silly addNameRange     '1.1.6',
416 silly addNameRange     '1.1.7',
416 silly addNameRange     '2.0.0',
416 silly addNameRange     '2.0.1',
416 silly addNameRange     '2.0.2',
416 silly addNameRange     '2.0.3',
416 silly addNameRange     '2.0.4',
416 silly addNameRange     '2.0.5',
416 silly addNameRange     '2.0.6',
416 silly addNameRange     '2.0.7',
416 silly addNameRange     '2.0.8',
416 silly addNameRange     '2.1.0',
416 silly addNameRange     '2.1.1',
416 silly addNameRange     '2.1.2',
416 silly addNameRange     '2.1.3',
416 silly addNameRange     '2.1.4',
416 silly addNameRange     '2.1.5',
416 silly addNameRange     '2.1.6',
416 silly addNameRange     '2.1.7',
416 silly addNameRange     '2.1.8',
416 silly addNameRange     '2.2.0',
416 silly addNameRange     '2.2.1',
416 silly addNameRange     '2.2.2',
416 silly addNameRange     '2.2.3',
416 silly addNameRange     '2.2.4',
416 silly addNameRange     '2.2.5',
416 silly addNameRange     '2.2.6',
416 silly addNameRange     '2.2.7',
416 silly addNameRange     '2.2.8',
416 silly addNameRange     '2.2.9',
416 silly addNameRange     '2.2.10',
416 silly addNameRange     '2.2.11',
416 silly addNameRange     '2.2.12',
416 silly addNameRange     '2.2.13',
416 silly addNameRange     '2.2.14',
416 silly addNameRange     '2.2.15',
416 silly addNameRange     '2.2.16',
416 silly addNameRange     '2.2.17',
416 silly addNameRange     '2.2.18',
416 silly addNameRange     '2.2.19',
416 silly addNameRange     '2.2.20',
416 silly addNameRange     '2.2.21',
416 silly addNameRange     '2.2.22',
416 silly addNameRange     '3.0.0',
416 silly addNameRange     '3.0.1',
416 silly addNameRange     '3.0.2',
416 silly addNameRange     '2.2.23',
416 silly addNameRange     '3.0.3',
416 silly addNameRange     '3.0.4',
416 silly addNameRange     '3.0.5',
416 silly addNameRange     '3.0.6',
416 silly addNameRange     '3.0.7',
416 silly addNameRange     '3.0.8',
416 silly addNameRange     '3.0.9',
416 silly addNameRange     ... 108 more items ] ]
417 silly addNamed clean-css@5.3.0
418 verbose addNamed "5.3.0" is a plain semver version for clean-css
419 http 304 https://registry.npmjs.org/commander
420 verbose headers { date: 'Tue, 05 Jul 2022 16:15:24 GMT',
420 verbose headers   connection: 'close',
420 verbose headers   'cf-ray': '726166349d1f09d2-MIA',
420 verbose headers   age: '200',
420 verbose headers   'cache-control': 'public, max-age=300',
420 verbose headers   etag: '"69f43123734166ff6f8b02f31a6e20af"',
420 verbose headers   'last-modified': 'Mon, 13 Jun 2022 06:34:59 GMT',
420 verbose headers   vary: 'Accept-Encoding',
420 verbose headers   'cf-cache-status': 'HIT',
420 verbose headers   'expect-ct': 'max-age=604800, report-uri="https://report-uri.cloudflare.com/cdn-cgi/beacon/expect-ct"',
420 verbose headers   'x-amz-replication-status': 'PENDING',
420 verbose headers   server: 'cloudflare' }
421 silly get cb [ 304,
421 silly get   { date: 'Tue, 05 Jul 2022 16:15:24 GMT',
421 silly get     connection: 'close',
421 silly get     'cf-ray': '726166349d1f09d2-MIA',
421 silly get     age: '200',
421 silly get     'cache-control': 'public, max-age=300',
421 silly get     etag: '"69f43123734166ff6f8b02f31a6e20af"',
421 silly get     'last-modified': 'Mon, 13 Jun 2022 06:34:59 GMT',
421 silly get     vary: 'Accept-Encoding',
421 silly get     'cf-cache-status': 'HIT',
421 silly get     'expect-ct': 'max-age=604800, report-uri="https://report-uri.cloudflare.com/cdn-cgi/beacon/expect-ct"',
421 silly get     'x-amz-replication-status': 'PENDING',
421 silly get     server: 'cloudflare' } ]
422 verbose etag https://registry.npmjs.org/commander from cache
423 verbose get saving commander to /root/.npm/registry.npmjs.org/commander/.cache.json
424 silly cache afterAdd clean-css@5.3.0
425 verbose afterAdd /root/.npm/clean-css/5.3.0/package/package.json not in flight; writing
426 verbose afterAdd /root/.npm/clean-css/5.3.0/package/package.json written
427 verbose stack Error: Missing required argument #1
427 verbose stack     at andLogAndFinish (/usr/share/npm/lib/fetch-package-metadata.js:31:3)
427 verbose stack     at fetchPackageMetadata (/usr/share/npm/lib/fetch-package-metadata.js:51:22)
427 verbose stack     at resolveWithNewModule (/usr/share/npm/lib/install/deps.js:456:12)
427 verbose stack     at /usr/share/npm/lib/install/deps.js:457:7
427 verbose stack     at /usr/share/npm/node_modules/iferr/index.js:13:50
427 verbose stack     at /usr/share/npm/lib/fetch-package-metadata.js:37:12
427 verbose stack     at addRequestedAndFinish (/usr/share/npm/lib/fetch-package-metadata.js:82:5)
427 verbose stack     at returnAndAddMetadata (/usr/share/npm/lib/fetch-package-metadata.js:117:7)
427 verbose stack     at pickVersionFromRegistryDocument (/usr/share/npm/lib/fetch-package-metadata.js:134:20)
427 verbose stack     at /usr/share/npm/node_modules/iferr/index.js:13:50
428 verbose cwd /home/ahmed/openstack_logs
429 error Linux 5.4.0-120-generic
430 error argv "/usr/bin/node" "/usr/bin/npm" "install"
431 error node v8.10.0
432 error npm  v3.5.2
433 error code EMISSINGARG
434 error typeerror Error: Missing required argument #1
434 error typeerror     at andLogAndFinish (/usr/share/npm/lib/fetch-package-metadata.js:31:3)
434 error typeerror     at fetchPackageMetadata (/usr/share/npm/lib/fetch-package-metadata.js:51:22)
434 error typeerror     at resolveWithNewModule (/usr/share/npm/lib/install/deps.js:456:12)
434 error typeerror     at /usr/share/npm/lib/install/deps.js:457:7
434 error typeerror     at /usr/share/npm/node_modules/iferr/index.js:13:50
434 error typeerror     at /usr/share/npm/lib/fetch-package-metadata.js:37:12
434 error typeerror     at addRequestedAndFinish (/usr/share/npm/lib/fetch-package-metadata.js:82:5)
434 error typeerror     at returnAndAddMetadata (/usr/share/npm/lib/fetch-package-metadata.js:117:7)
434 error typeerror     at pickVersionFromRegistryDocument (/usr/share/npm/lib/fetch-package-metadata.js:134:20)
434 error typeerror     at /usr/share/npm/node_modules/iferr/index.js:13:50
435 error typeerror This is an error with npm itself. Please report this error at:
435 error typeerror     <http://github.com/npm/npm/issues>
436 verbose exit [ 1, true ]
